   1              		.syntax unified
   2              		.cpu cortex-m4
   3              		.fpu softvfp
   4              		.eabi_attribute 20, 1
   5              		.eabi_attribute 21, 1
   6              		.eabi_attribute 23, 3
   7              		.eabi_attribute 24, 1
   8              		.eabi_attribute 25, 1
   9              		.eabi_attribute 26, 1
  10              		.eabi_attribute 30, 6
  11              		.eabi_attribute 34, 1
  12              		.eabi_attribute 18, 4
  13              		.thumb
  14              		.file	"stm32f4xx_syscfg.c"
  15              		.text
  16              	.Ltext0:
  17              		.cfi_sections	.debug_frame
  18              		.align	2
  19              		.global	SYSCFG_DeInit
  20              		.thumb
  21              		.thumb_func
  23              	SYSCFG_DeInit:
  24              	.LFB110:
  25              		.file 1 "../Libraries/STM32F4xx_StdPeriph_Driver/src/stm32f4xx_syscfg.c"
   1:../Libraries/STM32F4xx_StdPeriph_Driver/src/stm32f4xx_syscfg.c **** /**
   2:../Libraries/STM32F4xx_StdPeriph_Driver/src/stm32f4xx_syscfg.c ****   ******************************************************************************
   3:../Libraries/STM32F4xx_StdPeriph_Driver/src/stm32f4xx_syscfg.c ****   * @file    stm32f4xx_syscfg.c
   4:../Libraries/STM32F4xx_StdPeriph_Driver/src/stm32f4xx_syscfg.c ****   * @author  MCD Application Team
   5:../Libraries/STM32F4xx_StdPeriph_Driver/src/stm32f4xx_syscfg.c ****   * @version V1.0.2
   6:../Libraries/STM32F4xx_StdPeriph_Driver/src/stm32f4xx_syscfg.c ****   * @date    05-March-2012
   7:../Libraries/STM32F4xx_StdPeriph_Driver/src/stm32f4xx_syscfg.c ****   * @brief   This file provides firmware functions to manage the SYSCFG peripheral.
   8:../Libraries/STM32F4xx_StdPeriph_Driver/src/stm32f4xx_syscfg.c ****   *
   9:../Libraries/STM32F4xx_StdPeriph_Driver/src/stm32f4xx_syscfg.c ****   *  @verbatim
  10:../Libraries/STM32F4xx_StdPeriph_Driver/src/stm32f4xx_syscfg.c ****   *  
  11:../Libraries/STM32F4xx_StdPeriph_Driver/src/stm32f4xx_syscfg.c ****   *          ===================================================================
  12:../Libraries/STM32F4xx_StdPeriph_Driver/src/stm32f4xx_syscfg.c ****   *                                 How to use this driver
  13:../Libraries/STM32F4xx_StdPeriph_Driver/src/stm32f4xx_syscfg.c ****   *          ===================================================================
  14:../Libraries/STM32F4xx_StdPeriph_Driver/src/stm32f4xx_syscfg.c ****   *                  
  15:../Libraries/STM32F4xx_StdPeriph_Driver/src/stm32f4xx_syscfg.c ****   *          This driver provides functions for:
  16:../Libraries/STM32F4xx_StdPeriph_Driver/src/stm32f4xx_syscfg.c ****   *          
  17:../Libraries/STM32F4xx_StdPeriph_Driver/src/stm32f4xx_syscfg.c ****   *          1. Remapping the memory accessible in the code area using SYSCFG_MemoryRemapConfig()
  18:../Libraries/STM32F4xx_StdPeriph_Driver/src/stm32f4xx_syscfg.c ****   *              
  19:../Libraries/STM32F4xx_StdPeriph_Driver/src/stm32f4xx_syscfg.c ****   *          2. Manage the EXTI lines connection to the GPIOs using SYSCFG_EXTILineConfig()
  20:../Libraries/STM32F4xx_StdPeriph_Driver/src/stm32f4xx_syscfg.c ****   *            
  21:../Libraries/STM32F4xx_StdPeriph_Driver/src/stm32f4xx_syscfg.c ****   *          3. Select the ETHERNET media interface (RMII/RII) using SYSCFG_ETH_MediaInterfaceConfi
  22:../Libraries/STM32F4xx_StdPeriph_Driver/src/stm32f4xx_syscfg.c ****   *
  23:../Libraries/STM32F4xx_StdPeriph_Driver/src/stm32f4xx_syscfg.c ****   *  @note  SYSCFG APB clock must be enabled to get write access to SYSCFG registers,
  24:../Libraries/STM32F4xx_StdPeriph_Driver/src/stm32f4xx_syscfg.c ****   *         using RCC_APB2PeriphClockCmd(RCC_APB2Periph_SYSCFG, ENABLE);
  25:../Libraries/STM32F4xx_StdPeriph_Driver/src/stm32f4xx_syscfg.c ****   *                 
  26:../Libraries/STM32F4xx_StdPeriph_Driver/src/stm32f4xx_syscfg.c ****   *  @endverbatim
  27:../Libraries/STM32F4xx_StdPeriph_Driver/src/stm32f4xx_syscfg.c ****   *      
  28:../Libraries/STM32F4xx_StdPeriph_Driver/src/stm32f4xx_syscfg.c ****   ******************************************************************************
  29:../Libraries/STM32F4xx_StdPeriph_Driver/src/stm32f4xx_syscfg.c ****   * @attention
  30:../Libraries/STM32F4xx_StdPeriph_Driver/src/stm32f4xx_syscfg.c ****   *
  31:../Libraries/STM32F4xx_StdPeriph_Driver/src/stm32f4xx_syscfg.c ****   * <h2><center>&copy; COPYRIGHT 2012 STMicroelectronics</center></h2>
  32:../Libraries/STM32F4xx_StdPeriph_Driver/src/stm32f4xx_syscfg.c ****   *
  33:../Libraries/STM32F4xx_StdPeriph_Driver/src/stm32f4xx_syscfg.c ****   * Licensed under MCD-ST Liberty SW License Agreement V2, (the "License");
  34:../Libraries/STM32F4xx_StdPeriph_Driver/src/stm32f4xx_syscfg.c ****   * You may not use this file except in compliance with the License.
  35:../Libraries/STM32F4xx_StdPeriph_Driver/src/stm32f4xx_syscfg.c ****   * You may obtain a copy of the License at:
  36:../Libraries/STM32F4xx_StdPeriph_Driver/src/stm32f4xx_syscfg.c ****   *
  37:../Libraries/STM32F4xx_StdPeriph_Driver/src/stm32f4xx_syscfg.c ****   *        http://www.st.com/software_license_agreement_liberty_v2
  38:../Libraries/STM32F4xx_StdPeriph_Driver/src/stm32f4xx_syscfg.c ****   *
  39:../Libraries/STM32F4xx_StdPeriph_Driver/src/stm32f4xx_syscfg.c ****   * Unless required by applicable law or agreed to in writing, software 
  40:../Libraries/STM32F4xx_StdPeriph_Driver/src/stm32f4xx_syscfg.c ****   * distributed under the License is distributed on an "AS IS" BASIS, 
  41:../Libraries/STM32F4xx_StdPeriph_Driver/src/stm32f4xx_syscfg.c ****   * WITHOUT WARRANTIES OR CONDITIONS OF ANY KIND, either express or implied.
  42:../Libraries/STM32F4xx_StdPeriph_Driver/src/stm32f4xx_syscfg.c ****   * See the License for the specific language governing permissions and
  43:../Libraries/STM32F4xx_StdPeriph_Driver/src/stm32f4xx_syscfg.c ****   * limitations under the License.
  44:../Libraries/STM32F4xx_StdPeriph_Driver/src/stm32f4xx_syscfg.c ****   *
  45:../Libraries/STM32F4xx_StdPeriph_Driver/src/stm32f4xx_syscfg.c ****   ******************************************************************************
  46:../Libraries/STM32F4xx_StdPeriph_Driver/src/stm32f4xx_syscfg.c ****   */
  47:../Libraries/STM32F4xx_StdPeriph_Driver/src/stm32f4xx_syscfg.c **** 
  48:../Libraries/STM32F4xx_StdPeriph_Driver/src/stm32f4xx_syscfg.c **** /* Includes ------------------------------------------------------------------*/
  49:../Libraries/STM32F4xx_StdPeriph_Driver/src/stm32f4xx_syscfg.c **** #include "stm32f4xx_syscfg.h"
  50:../Libraries/STM32F4xx_StdPeriph_Driver/src/stm32f4xx_syscfg.c **** #include "stm32f4xx_rcc.h"
  51:../Libraries/STM32F4xx_StdPeriph_Driver/src/stm32f4xx_syscfg.c **** 
  52:../Libraries/STM32F4xx_StdPeriph_Driver/src/stm32f4xx_syscfg.c **** /** @addtogroup STM32F4xx_StdPeriph_Driver
  53:../Libraries/STM32F4xx_StdPeriph_Driver/src/stm32f4xx_syscfg.c ****   * @{
  54:../Libraries/STM32F4xx_StdPeriph_Driver/src/stm32f4xx_syscfg.c ****   */
  55:../Libraries/STM32F4xx_StdPeriph_Driver/src/stm32f4xx_syscfg.c **** 
  56:../Libraries/STM32F4xx_StdPeriph_Driver/src/stm32f4xx_syscfg.c **** /** @defgroup SYSCFG 
  57:../Libraries/STM32F4xx_StdPeriph_Driver/src/stm32f4xx_syscfg.c ****   * @brief SYSCFG driver modules
  58:../Libraries/STM32F4xx_StdPeriph_Driver/src/stm32f4xx_syscfg.c ****   * @{
  59:../Libraries/STM32F4xx_StdPeriph_Driver/src/stm32f4xx_syscfg.c ****   */ 
  60:../Libraries/STM32F4xx_StdPeriph_Driver/src/stm32f4xx_syscfg.c **** 
  61:../Libraries/STM32F4xx_StdPeriph_Driver/src/stm32f4xx_syscfg.c **** /* Private typedef -----------------------------------------------------------*/
  62:../Libraries/STM32F4xx_StdPeriph_Driver/src/stm32f4xx_syscfg.c **** /* Private define ------------------------------------------------------------*/
  63:../Libraries/STM32F4xx_StdPeriph_Driver/src/stm32f4xx_syscfg.c **** /* ------------ RCC registers bit address in the alias region ----------- */
  64:../Libraries/STM32F4xx_StdPeriph_Driver/src/stm32f4xx_syscfg.c **** #define SYSCFG_OFFSET             (SYSCFG_BASE - PERIPH_BASE)
  65:../Libraries/STM32F4xx_StdPeriph_Driver/src/stm32f4xx_syscfg.c **** /* ---  PMC Register ---*/ 
  66:../Libraries/STM32F4xx_StdPeriph_Driver/src/stm32f4xx_syscfg.c **** /* Alias word address of MII_RMII_SEL bit */ 
  67:../Libraries/STM32F4xx_StdPeriph_Driver/src/stm32f4xx_syscfg.c **** #define PMC_OFFSET                (SYSCFG_OFFSET + 0x04) 
  68:../Libraries/STM32F4xx_StdPeriph_Driver/src/stm32f4xx_syscfg.c **** #define MII_RMII_SEL_BitNumber    ((uint8_t)0x17) 
  69:../Libraries/STM32F4xx_StdPeriph_Driver/src/stm32f4xx_syscfg.c **** #define PMC_MII_RMII_SEL_BB       (PERIPH_BB_BASE + (PMC_OFFSET * 32) + (MII_RMII_SEL_BitNumber * 4
  70:../Libraries/STM32F4xx_StdPeriph_Driver/src/stm32f4xx_syscfg.c **** 
  71:../Libraries/STM32F4xx_StdPeriph_Driver/src/stm32f4xx_syscfg.c **** /* ---  CMPCR Register ---*/ 
  72:../Libraries/STM32F4xx_StdPeriph_Driver/src/stm32f4xx_syscfg.c **** /* Alias word address of CMP_PD bit */ 
  73:../Libraries/STM32F4xx_StdPeriph_Driver/src/stm32f4xx_syscfg.c **** #define CMPCR_OFFSET              (SYSCFG_OFFSET + 0x20) 
  74:../Libraries/STM32F4xx_StdPeriph_Driver/src/stm32f4xx_syscfg.c **** #define CMP_PD_BitNumber          ((uint8_t)0x00) 
  75:../Libraries/STM32F4xx_StdPeriph_Driver/src/stm32f4xx_syscfg.c **** #define CMPCR_CMP_PD_BB           (PERIPH_BB_BASE + (CMPCR_OFFSET * 32) + (CMP_PD_BitNumber * 4)) 
  76:../Libraries/STM32F4xx_StdPeriph_Driver/src/stm32f4xx_syscfg.c **** 
  77:../Libraries/STM32F4xx_StdPeriph_Driver/src/stm32f4xx_syscfg.c **** /* Private macro -------------------------------------------------------------*/
  78:../Libraries/STM32F4xx_StdPeriph_Driver/src/stm32f4xx_syscfg.c **** /* Private variables ---------------------------------------------------------*/
  79:../Libraries/STM32F4xx_StdPeriph_Driver/src/stm32f4xx_syscfg.c **** /* Private function prototypes -----------------------------------------------*/
  80:../Libraries/STM32F4xx_StdPeriph_Driver/src/stm32f4xx_syscfg.c **** /* Private functions ---------------------------------------------------------*/
  81:../Libraries/STM32F4xx_StdPeriph_Driver/src/stm32f4xx_syscfg.c **** 
  82:../Libraries/STM32F4xx_StdPeriph_Driver/src/stm32f4xx_syscfg.c **** /** @defgroup SYSCFG_Private_Functions
  83:../Libraries/STM32F4xx_StdPeriph_Driver/src/stm32f4xx_syscfg.c ****   * @{
  84:../Libraries/STM32F4xx_StdPeriph_Driver/src/stm32f4xx_syscfg.c ****   */ 
  85:../Libraries/STM32F4xx_StdPeriph_Driver/src/stm32f4xx_syscfg.c **** 
  86:../Libraries/STM32F4xx_StdPeriph_Driver/src/stm32f4xx_syscfg.c **** /**
  87:../Libraries/STM32F4xx_StdPeriph_Driver/src/stm32f4xx_syscfg.c ****   * @brief  Deinitializes the Alternate Functions (remap and EXTI configuration)
  88:../Libraries/STM32F4xx_StdPeriph_Driver/src/stm32f4xx_syscfg.c ****   *   registers to their default reset values.
  89:../Libraries/STM32F4xx_StdPeriph_Driver/src/stm32f4xx_syscfg.c ****   * @param  None
  90:../Libraries/STM32F4xx_StdPeriph_Driver/src/stm32f4xx_syscfg.c ****   * @retval None
  91:../Libraries/STM32F4xx_StdPeriph_Driver/src/stm32f4xx_syscfg.c ****   */
  92:../Libraries/STM32F4xx_StdPeriph_Driver/src/stm32f4xx_syscfg.c **** void SYSCFG_DeInit(void)
  93:../Libraries/STM32F4xx_StdPeriph_Driver/src/stm32f4xx_syscfg.c **** {
  26              		.loc 1 93 0
  27              		.cfi_startproc
  28              		@ args = 0, pretend = 0, frame = 0
  29              		@ frame_needed = 1, uses_anonymous_args = 0
  30 0000 80B5     		push	{r7, lr}
  31              	.LCFI0:
  32              		.cfi_def_cfa_offset 8
  33              		.cfi_offset 7, -8
  34              		.cfi_offset 14, -4
  35 0002 00AF     		add	r7, sp, #0
  36              	.LCFI1:
  37              		.cfi_def_cfa_register 7
  94:../Libraries/STM32F4xx_StdPeriph_Driver/src/stm32f4xx_syscfg.c ****    RCC_APB2PeriphResetCmd(RCC_APB2Periph_SYSCFG, ENABLE);
  38              		.loc 1 94 0
  39 0004 4FF48040 		mov	r0, #16384
  40 0008 4FF00101 		mov	r1, #1
  41 000c FFF7FEFF 		bl	RCC_APB2PeriphResetCmd
  95:../Libraries/STM32F4xx_StdPeriph_Driver/src/stm32f4xx_syscfg.c ****    RCC_APB2PeriphResetCmd(RCC_APB2Periph_SYSCFG, DISABLE);
  42              		.loc 1 95 0
  43 0010 4FF48040 		mov	r0, #16384
  44 0014 4FF00001 		mov	r1, #0
  45 0018 FFF7FEFF 		bl	RCC_APB2PeriphResetCmd
  96:../Libraries/STM32F4xx_StdPeriph_Driver/src/stm32f4xx_syscfg.c **** }
  46              		.loc 1 96 0
  47 001c 80BD     		pop	{r7, pc}
  48              		.cfi_endproc
  49              	.LFE110:
  51 001e 00BF     		.align	2
  52              		.global	SYSCFG_MemoryRemapConfig
  53              		.thumb
  54              		.thumb_func
  56              	SYSCFG_MemoryRemapConfig:
  57              	.LFB111:
  97:../Libraries/STM32F4xx_StdPeriph_Driver/src/stm32f4xx_syscfg.c **** 
  98:../Libraries/STM32F4xx_StdPeriph_Driver/src/stm32f4xx_syscfg.c **** /**
  99:../Libraries/STM32F4xx_StdPeriph_Driver/src/stm32f4xx_syscfg.c ****   * @brief  Changes the mapping of the specified pin.
 100:../Libraries/STM32F4xx_StdPeriph_Driver/src/stm32f4xx_syscfg.c ****   * @param  SYSCFG_Memory: selects the memory remapping.
 101:../Libraries/STM32F4xx_StdPeriph_Driver/src/stm32f4xx_syscfg.c ****   *         This parameter can be one of the following values:
 102:../Libraries/STM32F4xx_StdPeriph_Driver/src/stm32f4xx_syscfg.c ****   *            @arg SYSCFG_MemoryRemap_Flash:       Main Flash memory mapped at 0x00000000  
 103:../Libraries/STM32F4xx_StdPeriph_Driver/src/stm32f4xx_syscfg.c ****   *            @arg SYSCFG_MemoryRemap_SystemFlash: System Flash memory mapped at 0x00000000
 104:../Libraries/STM32F4xx_StdPeriph_Driver/src/stm32f4xx_syscfg.c ****   *            @arg SYSCFG_MemoryRemap_FSMC:        FSMC (Bank1 (NOR/PSRAM 1 and 2) mapped at 0x000
 105:../Libraries/STM32F4xx_StdPeriph_Driver/src/stm32f4xx_syscfg.c ****   *            @arg SYSCFG_MemoryRemap_SRAM:        Embedded SRAM (112kB) mapped at 0x00000000
 106:../Libraries/STM32F4xx_StdPeriph_Driver/src/stm32f4xx_syscfg.c ****   * @retval None
 107:../Libraries/STM32F4xx_StdPeriph_Driver/src/stm32f4xx_syscfg.c ****   */
 108:../Libraries/STM32F4xx_StdPeriph_Driver/src/stm32f4xx_syscfg.c **** void SYSCFG_MemoryRemapConfig(uint8_t SYSCFG_MemoryRemap)
 109:../Libraries/STM32F4xx_StdPeriph_Driver/src/stm32f4xx_syscfg.c **** {
  58              		.loc 1 109 0
  59              		.cfi_startproc
  60              		@ args = 0, pretend = 0, frame = 8
  61              		@ frame_needed = 1, uses_anonymous_args = 0
  62              		@ link register save eliminated.
  63 0020 80B4     		push	{r7}
  64              	.LCFI2:
  65              		.cfi_def_cfa_offset 4
  66              		.cfi_offset 7, -4
  67 0022 83B0     		sub	sp, sp, #12
  68              	.LCFI3:
  69              		.cfi_def_cfa_offset 16
  70 0024 00AF     		add	r7, sp, #0
  71              	.LCFI4:
  72              		.cfi_def_cfa_register 7
  73 0026 0346     		mov	r3, r0
  74 0028 FB71     		strb	r3, [r7, #7]
 110:../Libraries/STM32F4xx_StdPeriph_Driver/src/stm32f4xx_syscfg.c ****   /* Check the parameters */
 111:../Libraries/STM32F4xx_StdPeriph_Driver/src/stm32f4xx_syscfg.c ****   assert_param(IS_SYSCFG_MEMORY_REMAP_CONFING(SYSCFG_MemoryRemap));
 112:../Libraries/STM32F4xx_StdPeriph_Driver/src/stm32f4xx_syscfg.c **** 
 113:../Libraries/STM32F4xx_StdPeriph_Driver/src/stm32f4xx_syscfg.c ****   SYSCFG->MEMRMP = SYSCFG_MemoryRemap;
  75              		.loc 1 113 0
  76 002a 044B     		ldr	r3, .L3
  77 002c FA79     		ldrb	r2, [r7, #7]	@ zero_extendqisi2
  78 002e 1A60     		str	r2, [r3, #0]
 114:../Libraries/STM32F4xx_StdPeriph_Driver/src/stm32f4xx_syscfg.c **** }
  79              		.loc 1 114 0
  80 0030 07F10C07 		add	r7, r7, #12
  81 0034 BD46     		mov	sp, r7
  82 0036 80BC     		pop	{r7}
  83 0038 7047     		bx	lr
  84              	.L4:
  85 003a 00BF     		.align	2
  86              	.L3:
  87 003c 00380140 		.word	1073821696
  88              		.cfi_endproc
  89              	.LFE111:
  91              		.align	2
  92              		.global	SYSCFG_EXTILineConfig
  93              		.thumb
  94              		.thumb_func
  96              	SYSCFG_EXTILineConfig:
  97              	.LFB112:
 115:../Libraries/STM32F4xx_StdPeriph_Driver/src/stm32f4xx_syscfg.c **** 
 116:../Libraries/STM32F4xx_StdPeriph_Driver/src/stm32f4xx_syscfg.c **** /**
 117:../Libraries/STM32F4xx_StdPeriph_Driver/src/stm32f4xx_syscfg.c ****   * @brief  Selects the GPIO pin used as EXTI Line.
 118:../Libraries/STM32F4xx_StdPeriph_Driver/src/stm32f4xx_syscfg.c ****   * @param  EXTI_PortSourceGPIOx : selects the GPIO port to be used as source for
 119:../Libraries/STM32F4xx_StdPeriph_Driver/src/stm32f4xx_syscfg.c ****   *          EXTI lines where x can be (A..I).
 120:../Libraries/STM32F4xx_StdPeriph_Driver/src/stm32f4xx_syscfg.c ****   * @param  EXTI_PinSourcex: specifies the EXTI line to be configured.
 121:../Libraries/STM32F4xx_StdPeriph_Driver/src/stm32f4xx_syscfg.c ****   *           This parameter can be EXTI_PinSourcex where x can be (0..15, except
 122:../Libraries/STM32F4xx_StdPeriph_Driver/src/stm32f4xx_syscfg.c ****   *           for EXTI_PortSourceGPIOI x can be (0..11).
 123:../Libraries/STM32F4xx_StdPeriph_Driver/src/stm32f4xx_syscfg.c ****   * @retval None
 124:../Libraries/STM32F4xx_StdPeriph_Driver/src/stm32f4xx_syscfg.c ****   */
 125:../Libraries/STM32F4xx_StdPeriph_Driver/src/stm32f4xx_syscfg.c **** void SYSCFG_EXTILineConfig(uint8_t EXTI_PortSourceGPIOx, uint8_t EXTI_PinSourcex)
 126:../Libraries/STM32F4xx_StdPeriph_Driver/src/stm32f4xx_syscfg.c **** {
  98              		.loc 1 126 0
  99              		.cfi_startproc
 100              		@ args = 0, pretend = 0, frame = 16
 101              		@ frame_needed = 1, uses_anonymous_args = 0
 102              		@ link register save eliminated.
 103 0040 90B4     		push	{r4, r7}
 104              	.LCFI5:
 105              		.cfi_def_cfa_offset 8
 106              		.cfi_offset 4, -8
 107              		.cfi_offset 7, -4
 108 0042 84B0     		sub	sp, sp, #16
 109              	.LCFI6:
 110              		.cfi_def_cfa_offset 24
 111 0044 00AF     		add	r7, sp, #0
 112              	.LCFI7:
 113              		.cfi_def_cfa_register 7
 114 0046 0246     		mov	r2, r0
 115 0048 0B46     		mov	r3, r1
 116 004a FA71     		strb	r2, [r7, #7]
 117 004c BB71     		strb	r3, [r7, #6]
 127:../Libraries/STM32F4xx_StdPeriph_Driver/src/stm32f4xx_syscfg.c ****   uint32_t tmp = 0x00;
 118              		.loc 1 127 0
 119 004e 4FF00003 		mov	r3, #0
 120 0052 FB60     		str	r3, [r7, #12]
 128:../Libraries/STM32F4xx_StdPeriph_Driver/src/stm32f4xx_syscfg.c **** 
 129:../Libraries/STM32F4xx_StdPeriph_Driver/src/stm32f4xx_syscfg.c ****   /* Check the parameters */
 130:../Libraries/STM32F4xx_StdPeriph_Driver/src/stm32f4xx_syscfg.c ****   assert_param(IS_EXTI_PORT_SOURCE(EXTI_PortSourceGPIOx));
 131:../Libraries/STM32F4xx_StdPeriph_Driver/src/stm32f4xx_syscfg.c ****   assert_param(IS_EXTI_PIN_SOURCE(EXTI_PinSourcex));
 132:../Libraries/STM32F4xx_StdPeriph_Driver/src/stm32f4xx_syscfg.c **** 
 133:../Libraries/STM32F4xx_StdPeriph_Driver/src/stm32f4xx_syscfg.c ****   tmp = ((uint32_t)0x0F) << (0x04 * (EXTI_PinSourcex & (uint8_t)0x03));
 121              		.loc 1 133 0
 122 0054 BB79     		ldrb	r3, [r7, #6]	@ zero_extendqisi2
 123 0056 03F00303 		and	r3, r3, #3
 124 005a 4FEA8303 		lsl	r3, r3, #2
 125 005e 4FF00F02 		mov	r2, #15
 126 0062 02FA03F3 		lsl	r3, r2, r3
 127 0066 FB60     		str	r3, [r7, #12]
 134:../Libraries/STM32F4xx_StdPeriph_Driver/src/stm32f4xx_syscfg.c ****   SYSCFG->EXTICR[EXTI_PinSourcex >> 0x02] &= ~tmp;
 128              		.loc 1 134 0
 129 0068 1A4B     		ldr	r3, .L6
 130 006a BA79     		ldrb	r2, [r7, #6]	@ zero_extendqisi2
 131 006c 4FEA9202 		lsr	r2, r2, #2
 132 0070 D2B2     		uxtb	r2, r2
 133 0072 1849     		ldr	r1, .L6
 134 0074 B879     		ldrb	r0, [r7, #6]	@ zero_extendqisi2
 135 0076 4FEA9000 		lsr	r0, r0, #2
 136 007a C0B2     		uxtb	r0, r0
 137 007c 00F10200 		add	r0, r0, #2
 138 0080 51F82000 		ldr	r0, [r1, r0, lsl #2]
 139 0084 F968     		ldr	r1, [r7, #12]
 140 0086 6FEA0101 		mvn	r1, r1
 141 008a 0140     		ands	r1, r1, r0
 142 008c 02F10202 		add	r2, r2, #2
 143 0090 43F82210 		str	r1, [r3, r2, lsl #2]
 135:../Libraries/STM32F4xx_StdPeriph_Driver/src/stm32f4xx_syscfg.c ****   SYSCFG->EXTICR[EXTI_PinSourcex >> 0x02] |= (((uint32_t)EXTI_PortSourceGPIOx) << (0x04 * (EXTI_Pin
 144              		.loc 1 135 0
 145 0094 0F4B     		ldr	r3, .L6
 146 0096 BA79     		ldrb	r2, [r7, #6]	@ zero_extendqisi2
 147 0098 4FEA9202 		lsr	r2, r2, #2
 148 009c D2B2     		uxtb	r2, r2
 149 009e 0D49     		ldr	r1, .L6
 150 00a0 B879     		ldrb	r0, [r7, #6]	@ zero_extendqisi2
 151 00a2 4FEA9000 		lsr	r0, r0, #2
 152 00a6 C0B2     		uxtb	r0, r0
 153 00a8 00F10200 		add	r0, r0, #2
 154 00ac 51F82000 		ldr	r0, [r1, r0, lsl #2]
 155 00b0 FC79     		ldrb	r4, [r7, #7]	@ zero_extendqisi2
 156 00b2 B979     		ldrb	r1, [r7, #6]	@ zero_extendqisi2
 157 00b4 01F00301 		and	r1, r1, #3
 158 00b8 4FEA8101 		lsl	r1, r1, #2
 159 00bc 04FA01F1 		lsl	r1, r4, r1
 160 00c0 0143     		orrs	r1, r1, r0
 161 00c2 02F10202 		add	r2, r2, #2
 162 00c6 43F82210 		str	r1, [r3, r2, lsl #2]
 136:../Libraries/STM32F4xx_StdPeriph_Driver/src/stm32f4xx_syscfg.c **** }
 163              		.loc 1 136 0
 164 00ca 07F11007 		add	r7, r7, #16
 165 00ce BD46     		mov	sp, r7
 166 00d0 90BC     		pop	{r4, r7}
 167 00d2 7047     		bx	lr
 168              	.L7:
 169              		.align	2
 170              	.L6:
 171 00d4 00380140 		.word	1073821696
 172              		.cfi_endproc
 173              	.LFE112:
 175              		.align	2
 176              		.global	SYSCFG_ETH_MediaInterfaceConfig
 177              		.thumb
 178              		.thumb_func
 180              	SYSCFG_ETH_MediaInterfaceConfig:
 181              	.LFB113:
 137:../Libraries/STM32F4xx_StdPeriph_Driver/src/stm32f4xx_syscfg.c **** 
 138:../Libraries/STM32F4xx_StdPeriph_Driver/src/stm32f4xx_syscfg.c **** /**
 139:../Libraries/STM32F4xx_StdPeriph_Driver/src/stm32f4xx_syscfg.c ****   * @brief  Selects the ETHERNET media interface 
 140:../Libraries/STM32F4xx_StdPeriph_Driver/src/stm32f4xx_syscfg.c ****   * @param  SYSCFG_ETH_MediaInterface: specifies the Media Interface mode. 
 141:../Libraries/STM32F4xx_StdPeriph_Driver/src/stm32f4xx_syscfg.c ****   *          This parameter can be one of the following values: 
 142:../Libraries/STM32F4xx_StdPeriph_Driver/src/stm32f4xx_syscfg.c ****   *            @arg SYSCFG_ETH_MediaInterface_MII: MII mode selected
 143:../Libraries/STM32F4xx_StdPeriph_Driver/src/stm32f4xx_syscfg.c ****   *            @arg SYSCFG_ETH_MediaInterface_RMII: RMII mode selected 
 144:../Libraries/STM32F4xx_StdPeriph_Driver/src/stm32f4xx_syscfg.c ****   * @retval None 
 145:../Libraries/STM32F4xx_StdPeriph_Driver/src/stm32f4xx_syscfg.c ****   */
 146:../Libraries/STM32F4xx_StdPeriph_Driver/src/stm32f4xx_syscfg.c **** void SYSCFG_ETH_MediaInterfaceConfig(uint32_t SYSCFG_ETH_MediaInterface) 
 147:../Libraries/STM32F4xx_StdPeriph_Driver/src/stm32f4xx_syscfg.c **** { 
 182              		.loc 1 147 0
 183              		.cfi_startproc
 184              		@ args = 0, pretend = 0, frame = 8
 185              		@ frame_needed = 1, uses_anonymous_args = 0
 186              		@ link register save eliminated.
 187 00d8 80B4     		push	{r7}
 188              	.LCFI8:
 189              		.cfi_def_cfa_offset 4
 190              		.cfi_offset 7, -4
 191 00da 83B0     		sub	sp, sp, #12
 192              	.LCFI9:
 193              		.cfi_def_cfa_offset 16
 194 00dc 00AF     		add	r7, sp, #0
 195              	.LCFI10:
 196              		.cfi_def_cfa_register 7
 197 00de 7860     		str	r0, [r7, #4]
 148:../Libraries/STM32F4xx_StdPeriph_Driver/src/stm32f4xx_syscfg.c ****   assert_param(IS_SYSCFG_ETH_MEDIA_INTERFACE(SYSCFG_ETH_MediaInterface)); 
 149:../Libraries/STM32F4xx_StdPeriph_Driver/src/stm32f4xx_syscfg.c ****   /* Configure MII_RMII selection bit */ 
 150:../Libraries/STM32F4xx_StdPeriph_Driver/src/stm32f4xx_syscfg.c ****   *(__IO uint32_t *) PMC_MII_RMII_SEL_BB = SYSCFG_ETH_MediaInterface; 
 198              		.loc 1 150 0
 199 00e0 034B     		ldr	r3, .L9
 200 00e2 7A68     		ldr	r2, [r7, #4]
 201 00e4 1A60     		str	r2, [r3, #0]
 151:../Libraries/STM32F4xx_StdPeriph_Driver/src/stm32f4xx_syscfg.c **** }
 202              		.loc 1 151 0
 203 00e6 07F10C07 		add	r7, r7, #12
 204 00ea BD46     		mov	sp, r7
 205 00ec 80BC     		pop	{r7}
 206 00ee 7047     		bx	lr
 207              	.L10:
 208              		.align	2
 209              	.L9:
 210 00f0 DC002742 		.word	1109852380
 211              		.cfi_endproc
 212              	.LFE113:
 214              		.align	2
 215              		.global	SYSCFG_CompensationCellCmd
 216              		.thumb
 217              		.thumb_func
 219              	SYSCFG_CompensationCellCmd:
 220              	.LFB114:
 152:../Libraries/STM32F4xx_StdPeriph_Driver/src/stm32f4xx_syscfg.c **** 
 153:../Libraries/STM32F4xx_StdPeriph_Driver/src/stm32f4xx_syscfg.c **** /**
 154:../Libraries/STM32F4xx_StdPeriph_Driver/src/stm32f4xx_syscfg.c ****   * @brief  Enables or disables the I/O Compensation Cell.
 155:../Libraries/STM32F4xx_StdPeriph_Driver/src/stm32f4xx_syscfg.c ****   * @note   The I/O compensation cell can be used only when the device supply
 156:../Libraries/STM32F4xx_StdPeriph_Driver/src/stm32f4xx_syscfg.c ****   *         voltage ranges from 2.4 to 3.6 V.  
 157:../Libraries/STM32F4xx_StdPeriph_Driver/src/stm32f4xx_syscfg.c ****   * @param  NewState: new state of the I/O Compensation Cell.
 158:../Libraries/STM32F4xx_StdPeriph_Driver/src/stm32f4xx_syscfg.c ****   *          This parameter can be one of the following values:
 159:../Libraries/STM32F4xx_StdPeriph_Driver/src/stm32f4xx_syscfg.c ****   *            @arg ENABLE: I/O compensation cell enabled  
 160:../Libraries/STM32F4xx_StdPeriph_Driver/src/stm32f4xx_syscfg.c ****   *            @arg DISABLE: I/O compensation cell power-down mode  
 161:../Libraries/STM32F4xx_StdPeriph_Driver/src/stm32f4xx_syscfg.c ****   * @retval None
 162:../Libraries/STM32F4xx_StdPeriph_Driver/src/stm32f4xx_syscfg.c ****   */
 163:../Libraries/STM32F4xx_StdPeriph_Driver/src/stm32f4xx_syscfg.c **** void SYSCFG_CompensationCellCmd(FunctionalState NewState)
 164:../Libraries/STM32F4xx_StdPeriph_Driver/src/stm32f4xx_syscfg.c **** {
 221              		.loc 1 164 0
 222              		.cfi_startproc
 223              		@ args = 0, pretend = 0, frame = 8
 224              		@ frame_needed = 1, uses_anonymous_args = 0
 225              		@ link register save eliminated.
 226 00f4 80B4     		push	{r7}
 227              	.LCFI11:
 228              		.cfi_def_cfa_offset 4
 229              		.cfi_offset 7, -4
 230 00f6 83B0     		sub	sp, sp, #12
 231              	.LCFI12:
 232              		.cfi_def_cfa_offset 16
 233 00f8 00AF     		add	r7, sp, #0
 234              	.LCFI13:
 235              		.cfi_def_cfa_register 7
 236 00fa 0346     		mov	r3, r0
 237 00fc FB71     		strb	r3, [r7, #7]
 165:../Libraries/STM32F4xx_StdPeriph_Driver/src/stm32f4xx_syscfg.c ****   /* Check the parameters */
 166:../Libraries/STM32F4xx_StdPeriph_Driver/src/stm32f4xx_syscfg.c ****   assert_param(IS_FUNCTIONAL_STATE(NewState));
 167:../Libraries/STM32F4xx_StdPeriph_Driver/src/stm32f4xx_syscfg.c **** 
 168:../Libraries/STM32F4xx_StdPeriph_Driver/src/stm32f4xx_syscfg.c ****   *(__IO uint32_t *) CMPCR_CMP_PD_BB = (uint32_t)NewState;
 238              		.loc 1 168 0
 239 00fe 044B     		ldr	r3, .L12
 240 0100 FA79     		ldrb	r2, [r7, #7]	@ zero_extendqisi2
 241 0102 1A60     		str	r2, [r3, #0]
 169:../Libraries/STM32F4xx_StdPeriph_Driver/src/stm32f4xx_syscfg.c **** }
 242              		.loc 1 169 0
 243 0104 07F10C07 		add	r7, r7, #12
 244 0108 BD46     		mov	sp, r7
 245 010a 80BC     		pop	{r7}
 246 010c 7047     		bx	lr
 247              	.L13:
 248 010e 00BF     		.align	2
 249              	.L12:
 250 0110 00042742 		.word	1109853184
 251              		.cfi_endproc
 252              	.LFE114:
 254              		.align	2
 255              		.global	SYSCFG_GetCompensationCellStatus
 256              		.thumb
 257              		.thumb_func
 259              	SYSCFG_GetCompensationCellStatus:
 260              	.LFB115:
 170:../Libraries/STM32F4xx_StdPeriph_Driver/src/stm32f4xx_syscfg.c **** 
 171:../Libraries/STM32F4xx_StdPeriph_Driver/src/stm32f4xx_syscfg.c **** /**
 172:../Libraries/STM32F4xx_StdPeriph_Driver/src/stm32f4xx_syscfg.c ****   * @brief  Checks whether the I/O Compensation Cell ready flag is set or not.
 173:../Libraries/STM32F4xx_StdPeriph_Driver/src/stm32f4xx_syscfg.c ****   * @param  None
 174:../Libraries/STM32F4xx_StdPeriph_Driver/src/stm32f4xx_syscfg.c ****   * @retval The new state of the I/O Compensation Cell ready flag (SET or RESET)
 175:../Libraries/STM32F4xx_StdPeriph_Driver/src/stm32f4xx_syscfg.c ****   */
 176:../Libraries/STM32F4xx_StdPeriph_Driver/src/stm32f4xx_syscfg.c **** FlagStatus SYSCFG_GetCompensationCellStatus(void)
 177:../Libraries/STM32F4xx_StdPeriph_Driver/src/stm32f4xx_syscfg.c **** {
 261              		.loc 1 177 0
 262              		.cfi_startproc
 263              		@ args = 0, pretend = 0, frame = 8
 264              		@ frame_needed = 1, uses_anonymous_args = 0
 265              		@ link register save eliminated.
 266 0114 80B4     		push	{r7}
 267              	.LCFI14:
 268              		.cfi_def_cfa_offset 4
 269              		.cfi_offset 7, -4
 270 0116 83B0     		sub	sp, sp, #12
 271              	.LCFI15:
 272              		.cfi_def_cfa_offset 16
 273 0118 00AF     		add	r7, sp, #0
 274              	.LCFI16:
 275              		.cfi_def_cfa_register 7
 178:../Libraries/STM32F4xx_StdPeriph_Driver/src/stm32f4xx_syscfg.c ****   FlagStatus bitstatus = RESET;
 276              		.loc 1 178 0
 277 011a 4FF00003 		mov	r3, #0
 278 011e FB71     		strb	r3, [r7, #7]
 179:../Libraries/STM32F4xx_StdPeriph_Driver/src/stm32f4xx_syscfg.c ****     
 180:../Libraries/STM32F4xx_StdPeriph_Driver/src/stm32f4xx_syscfg.c ****   if ((SYSCFG->CMPCR & SYSCFG_CMPCR_READY ) != (uint32_t)RESET)
 279              		.loc 1 180 0
 280 0120 094B     		ldr	r3, .L18
 281 0122 1B6A     		ldr	r3, [r3, #32]
 282 0124 03F48073 		and	r3, r3, #256
 283 0128 002B     		cmp	r3, #0
 284 012a 03D0     		beq	.L15
 181:../Libraries/STM32F4xx_StdPeriph_Driver/src/stm32f4xx_syscfg.c ****   {
 182:../Libraries/STM32F4xx_StdPeriph_Driver/src/stm32f4xx_syscfg.c ****     bitstatus = SET;
 285              		.loc 1 182 0
 286 012c 4FF00103 		mov	r3, #1
 287 0130 FB71     		strb	r3, [r7, #7]
 288 0132 02E0     		b	.L16
 289              	.L15:
 183:../Libraries/STM32F4xx_StdPeriph_Driver/src/stm32f4xx_syscfg.c ****   }
 184:../Libraries/STM32F4xx_StdPeriph_Driver/src/stm32f4xx_syscfg.c ****   else
 185:../Libraries/STM32F4xx_StdPeriph_Driver/src/stm32f4xx_syscfg.c ****   {
 186:../Libraries/STM32F4xx_StdPeriph_Driver/src/stm32f4xx_syscfg.c ****     bitstatus = RESET;
 290              		.loc 1 186 0
 291 0134 4FF00003 		mov	r3, #0
 292 0138 FB71     		strb	r3, [r7, #7]
 293              	.L16:
 187:../Libraries/STM32F4xx_StdPeriph_Driver/src/stm32f4xx_syscfg.c ****   }
 188:../Libraries/STM32F4xx_StdPeriph_Driver/src/stm32f4xx_syscfg.c ****   return bitstatus;
 294              		.loc 1 188 0
 295 013a FB79     		ldrb	r3, [r7, #7]	@ zero_extendqisi2
 189:../Libraries/STM32F4xx_StdPeriph_Driver/src/stm32f4xx_syscfg.c **** }
 296              		.loc 1 189 0
 297 013c 1846     		mov	r0, r3
 298 013e 07F10C07 		add	r7, r7, #12
 299 0142 BD46     		mov	sp, r7
 300 0144 80BC     		pop	{r7}
 301 0146 7047     		bx	lr
 302              	.L19:
 303              		.align	2
 304              	.L18:
 305 0148 00380140 		.word	1073821696
 306              		.cfi_endproc
 307              	.LFE115:
 309              	.Letext0:
 310              		.file 2 "/opt/CodeSourcery/bin/../lib/gcc/arm-none-eabi/4.7.2/../../../../arm-none-eabi/include/st
 311              		.file 3 "/home/dev/arm/stm32/stm32f4/stm32f4-discovery/apps/template/Libraries/CMSIS/Device/ST/STM
 312              		.file 4 "/home/dev/arm/stm32/stm32f4/stm32f4-discovery/apps/template/Libraries/CMSIS/Include/core_
DEFINED SYMBOLS
                            *ABS*:00000000 stm32f4xx_syscfg.c
     /tmp/cc1cTSsv.s:18     .text:00000000 $t
     /tmp/cc1cTSsv.s:23     .text:00000000 SYSCFG_DeInit
     /tmp/cc1cTSsv.s:56     .text:00000020 SYSCFG_MemoryRemapConfig
     /tmp/cc1cTSsv.s:87     .text:0000003c $d
     /tmp/cc1cTSsv.s:91     .text:00000040 $t
     /tmp/cc1cTSsv.s:96     .text:00000040 SYSCFG_EXTILineConfig
     /tmp/cc1cTSsv.s:171    .text:000000d4 $d
     /tmp/cc1cTSsv.s:175    .text:000000d8 $t
     /tmp/cc1cTSsv.s:180    .text:000000d8 SYSCFG_ETH_MediaInterfaceConfig
     /tmp/cc1cTSsv.s:210    .text:000000f0 $d
     /tmp/cc1cTSsv.s:214    .text:000000f4 $t
     /tmp/cc1cTSsv.s:219    .text:000000f4 SYSCFG_CompensationCellCmd
     /tmp/cc1cTSsv.s:250    .text:00000110 $d
     /tmp/cc1cTSsv.s:254    .text:00000114 $t
     /tmp/cc1cTSsv.s:259    .text:00000114 SYSCFG_GetCompensationCellStatus
     /tmp/cc1cTSsv.s:305    .text:00000148 $d
                     .debug_frame:00000010 $d
                           .group:00000000 wm4.1.ee386580922180e5cad1057f989de60d
                           .group:00000000 wm4.stm32f4xx.h.54.6e1f0ee5c76cc1e53c8ea6d18297b5fd
                           .group:00000000 wm4.core_cm4.h.32.f824aba4d431a5bb4a51726bd5b62834
                           .group:00000000 wm4.stdint.h.10.90b695f550ca6cc3fb08fa83baf01e05
                           .group:00000000 wm4.core_cmInstr.h.25.f50f886f2edf670cf199b35fd96f5c91
                           .group:00000000 wm4.core_cm4_simd.h.29.b4a3fdfb606cb3b26119424324d4b963
                           .group:00000000 wm4.core_cm4.h.153.5393ef7e6cebf34dd51ca528f9218ab3
                           .group:00000000 wm4.stm32f4xx.h.289.fa68dcae75666a037ce29b5a1b57e3b3
                           .group:00000000 wm4.stm32f4xx_adc.h.108.1710484bf41297b93f825b3b15cbdff8
                           .group:00000000 wm4.stm32f4xx_can.h.31.3bb56c6436c7a6e6af1611046e81f48c
                           .group:00000000 wm4.stm32f4xx_cryp.h.31.94bbbb19b99df10306f31e78c333a77b
                           .group:00000000 wm4.stm32f4xx_dac.h.31.b8d45e7eaf71ee4bf01c1317dbc06f77
                           .group:00000000 wm4.stm32f4xx_dbgmcu.h.30.70a81ec54c2707baa9fca77391eeeaaa
                           .group:00000000 wm4.stm32f4xx_dcmi.h.30.9d0942d58c357d2eed15e044bf9b4a77
                           .group:00000000 wm4.stm32f4xx_dma.h.31.815bb924b30b1c776b3cd51113fdfe60
                           .group:00000000 wm4.stm32f4xx_exti.h.31.86bd18e979f97217bb1d3b80fde0231e
                           .group:00000000 wm4.stm32f4xx_flash.h.31.74f2ed42d890f144ca7eb5ae8172f0d0
                           .group:00000000 wm4.stm32f4xx_fsmc.h.31.ff58629e0c603fb2f9b3f00c0657fdfa
                           .group:00000000 wm4.stm32f4xx_hash.h.31.5c109425d30f0b9cc0a26ad38182d91f
                           .group:00000000 wm4.stm32f4xx_gpio.h.31.d9aeae10cfa353d85d475c0d4900c452
                           .group:00000000 wm4.stm32f4xx_i2c.h.31.edf5baa611075c49ae13f56be9040be3
                           .group:00000000 wm4.stm32f4xx_iwdg.h.31.30e376e6d8d424aab7fddd66cf691c7b
                           .group:00000000 wm4.stm32f4xx_pwr.h.31.bb774fc1b632cb8d2ecaec8c6524d2c0
                           .group:00000000 wm4.stm32f4xx_rcc.h.30.820e94551583d2b835c8cf3ad722e16c
                           .group:00000000 wm4.stm32f4xx_rng.h.31.1ec493d56b7a8e5a71238519cae6dea7
                           .group:00000000 wm4.stm32f4xx_rtc.h.31.bddeb98c63c8fa06fac80b5dd8296471
                           .group:00000000 wm4.stm32f4xx_sdio.h.31.8c6dff42ffa718b444c3420717601ff2
                           .group:00000000 wm4.stm32f4xx_spi.h.31.fb1b2c8214b87a47d4457633b7c31c3c
                           .group:00000000 wm4.stm32f4xx_tim.h.31.b1d608fbde729347e4ccf70799e654d2
                           .group:00000000 wm4.stm32f4xx_usart.h.31.f8d29b14aa4d39de5495adcc92749d3c
                           .group:00000000 wm4.stm32f4xx_wwdg.h.31.b45a80fa1ec64984adf786f7e489f31b
                           .group:00000000 wm4.misc.h.31.041217492a6cb86f2fb26099f373a465
                           .group:00000000 wm4.stm32f4xx.h.6975.cdbdae9d5de06f1ba6b770f59cbe4d6c
                           .group:00000000 wm4.stm32f4xx_syscfg.h.58.1e788c7390f674854137818c585c7a95

UNDEFINED SYMBOLS
RCC_APB2PeriphResetCmd
